This is pdfTeX, Version 3.14159265-2.6-1.40.20 (MiKTeX 2.9.7000 64-bit) (preloaded format=pdflatex 2019.5.14)  11 JUN 2019 22:35
entering extended mode
**./bibliografia.bib
(bibliografia.bib
LaTeX2e <2018-12-01>
\bibdata{}
No file bibliografia.bbl.

! LaTeX Error: Missing \begin{document}.

See the LaTeX manual or LaTeX Companion for explanation.
Type  H <return>  for immediate help.
 ...                                              
                                                  
l.2 @
     misc{guiãoCherryPy,
? 
! Emergency stop.
 ...                                              
                                                  
l.2 @
     misc{guiãoCherryPy,
You're in trouble here.  Try typing  <return>  to proceed.
If that doesn't work, type  X <return>  to quit.

 
Here is how much of TeX's memory you used:
 10 strings out of 492945
 369 string characters out of 3126252
 56707 words of memory out of 3000000
 4005 multiletter control sequences out of 15000+200000
 3640 words of font info for 14 fonts, out of 3000000 for 9000
 1141 hyphenation exceptions out of 8191
 5i,0n,4p,56b,22s stack positions out of 5000i,500n,10000p,200000b,50000s
!  ==> Fatal error occurred, no output PDF file produced!
